<?xml version="1.0" encoding="UTF-8"?>
<!-- Generated by org.testng.reporters.JUnitReportReporter -->
<testsuite hostname="Shwetas-MacBook-Air.local" failures="0" tests="1" name="testcases.insurance.MultipleInsurancePolicy" time="11.891" errors="0" timestamp="25 Jan 2024 13:37:43 GMT" skipped="0">
  <testcase classname="testcases.insurance.MultipleInsurancePolicy" name="MultipleInsurance" time="11.891"/>
</testsuite> <!-- testcases.insurance.MultipleInsurancePolicy -->
