<?xml version="1.0" encoding="UTF-8"?>
<!-- Generated by org.testng.reporters.JUnitReportReporter -->
<testsuite hostname="Shwetas-MacBook-Air.local" failures="0" tests="1" name="testcases.insurance.listingSortingPolicyPage" time="34.954" errors="0" timestamp="25 Jan 2024 13:37:43 GMT" skipped="0">
  <testcase classname="testcases.insurance.listingSortingPolicyPage" name="listingSortInsurance" time="34.954"/>
</testsuite> <!-- testcases.insurance.listingSortingPolicyPage -->
