<?xml version="1.0" encoding="UTF-8"?>
<!-- Generated by org.testng.reporters.JUnitReportReporter -->
<testsuite hostname="Shwetas-MacBook-Air.local" failures="0" tests="1" name="testcases.mytheresa.MultipleInsurancePolicy" time="9.796" errors="0" timestamp="23 Jan 2024 18:35:19 GMT" skipped="0">
  <testcase classname="testcases.mytheresa.MultipleInsurancePolicy" name="Insurance" time="9.796"/>
</testsuite> <!-- testcases.mytheresa.MultipleInsurancePolicy -->
