<?xml version="1.0" encoding="UTF-8"?>
<!-- Generated by org.testng.reporters.JUnitReportReporter -->
<testsuite hostname="Shwetas-MacBook-Air.local" failures="0" tests="1" name="testcases.mytheresa.SingleInsurancePolicy" time="38.812" errors="0" timestamp="23 Jan 2024 16:42:10 GMT" skipped="0">
  <testcase classname="testcases.mytheresa.SingleInsurancePolicy" name="Insurance" time="38.812"/>
</testsuite> <!-- testcases.mytheresa.SingleInsurancePolicy -->
