<?xml version="1.0" encoding="UTF-8"?>
<!-- Generated by org.testng.reporters.JUnitReportReporter -->
<testsuite hostname="Shwetas-MacBook-Air.local" failures="0" tests="1" name="testcases.mytheresa.listingSortingPolicyPage" time="36.118" errors="0" timestamp="24 Jan 2024 18:55:33 GMT" skipped="0">
  <testcase classname="testcases.mytheresa.listingSortingPolicyPage" name="listingSortInsurance" time="36.118"/>
</testsuite> <!-- testcases.mytheresa.listingSortingPolicyPage -->
