<?xml version="1.0" encoding="UTF-8"?>
<!-- Generated by org.testng.reporters.JUnitReportReporter -->
<testsuite hostname="Shwetas-MacBook-Air.local" failures="0" tests="1" name="testcases.insurance.SingleInsuranceDebitCardPolicy" time="49.945" errors="0" timestamp="25 Jan 2024 13:37:43 GMT" skipped="0">
  <testcase classname="testcases.insurance.SingleInsuranceDebitCardPolicy" name="Insurance" time="49.945"/>
</testsuite> <!-- testcases.insurance.SingleInsuranceDebitCardPolicy -->
